0 info it worked if it ends with ok
1 verbose cli [ 'node',
1 verbose cli   '/usr/local/bin/npm',
1 verbose cli   'install',
1 verbose cli   'react-soundplayer',
1 verbose cli   '--save' ]
2 info using npm@1.4.28
3 info using node@v0.10.35
4 warn package.json tesserat-rails@0.0.3 No repository field.
5 warn package.json react-soundplayer@0.2.2 No repository field.
6 verbose readDependencies using package.json deps
7 verbose cache add [ 'react-soundplayer', null ]
8 verbose cache add name=undefined spec="react-soundplayer" args=["react-soundplayer",null]
9 verbose parsed url { protocol: null,
9 verbose parsed url   slashes: null,
9 verbose parsed url   auth: null,
9 verbose parsed url   host: null,
9 verbose parsed url   port: null,
9 verbose parsed url   hostname: null,
9 verbose parsed url   hash: null,
9 verbose parsed url   search: null,
9 verbose parsed url   query: null,
9 verbose parsed url   pathname: 'react-soundplayer',
9 verbose parsed url   path: 'react-soundplayer',
9 verbose parsed url   href: 'react-soundplayer' }
10 silly lockFile b217b5f7-react-soundplayer react-soundplayer
11 verbose lock react-soundplayer /Users/grantcollins/.npm/b217b5f7-react-soundplayer.lock
12 silly lockFile b217b5f7-react-soundplayer react-soundplayer
13 silly lockFile b217b5f7-react-soundplayer react-soundplayer
14 verbose addNamed [ 'react-soundplayer', '' ]
15 verbose addNamed [ null, '*' ]
16 silly lockFile 37646d6e-react-soundplayer react-soundplayer@
17 verbose lock react-soundplayer@ /Users/grantcollins/.npm/37646d6e-react-soundplayer.lock
18 silly addNameRange { name: 'react-soundplayer', range: '*', hasData: false }
19 verbose request where is /react-soundplayer
20 verbose request registry https://registry.npmjs.org/
21 verbose request id 7fcf0104b0a6825f
22 verbose url raw /react-soundplayer
23 verbose url resolving [ 'https://registry.npmjs.org/', './react-soundplayer' ]
24 verbose url resolved https://registry.npmjs.org/react-soundplayer
25 verbose request where is https://registry.npmjs.org/react-soundplayer
26 info trying registry request attempt 1 at 01:06:51
27 verbose etag "9EXRPNFZFEADXWGEHUBZP5638"
28 http GET https://registry.npmjs.org/react-soundplayer
29 http 304 https://registry.npmjs.org/react-soundplayer
30 silly registry.get cb [ 304,
30 silly registry.get   { date: 'Thu, 08 Oct 2015 08:06:52 GMT',
30 silly registry.get     via: '1.1 varnish',
30 silly registry.get     'cache-control': 'max-age=60',
30 silly registry.get     etag: '"9EXRPNFZFEADXWGEHUBZP5638"',
30 silly registry.get     age: '0',
30 silly registry.get     connection: 'keep-alive',
30 silly registry.get     'x-served-by': 'cache-lax1423-LAX',
30 silly registry.get     'x-cache': 'MISS',
30 silly registry.get     'x-cache-hits': '0',
30 silly registry.get     'x-timer': 'S1444291612.074552,VS0,VE310',
30 silly registry.get     vary: 'Accept' } ]
31 verbose etag https://registry.npmjs.org/react-soundplayer from cache
32 silly addNameRange number 2 { name: 'react-soundplayer', range: '*', hasData: true }
33 silly addNameRange versions [ 'react-soundplayer',
33 silly addNameRange   [ '0.1.0',
33 silly addNameRange     '0.1.1',
33 silly addNameRange     '0.1.2',
33 silly addNameRange     '0.1.3',
33 silly addNameRange     '0.1.4',
33 silly addNameRange     '0.1.6',
33 silly addNameRange     '0.1.7',
33 silly addNameRange     '0.2.0',
33 silly addNameRange     '0.2.1',
33 silly addNameRange     '0.2.2' ] ]
34 verbose addNamed [ 'react-soundplayer', '0.2.2' ]
35 verbose addNamed [ '0.2.2', '0.2.2' ]
36 silly lockFile a9149b09-react-soundplayer-0-2-2 react-soundplayer@0.2.2
37 verbose lock react-soundplayer@0.2.2 /Users/grantcollins/.npm/a9149b09-react-soundplayer-0-2-2.lock
38 silly lockFile a9149b09-react-soundplayer-0-2-2 react-soundplayer@0.2.2
39 silly lockFile a9149b09-react-soundplayer-0-2-2 react-soundplayer@0.2.2
40 silly lockFile 37646d6e-react-soundplayer react-soundplayer@
41 silly lockFile 37646d6e-react-soundplayer react-soundplayer@
42 silly resolved [ { name: 'react-soundplayer',
42 silly resolved     version: '0.2.2',
42 silly resolved     description: 'Create custom SoundCloud players with React',
42 silly resolved     main: 'index.js',
42 silly resolved     directories: { example: 'examples' },
42 silly resolved     scripts:
42 silly resolved      { 'build-js': 'rm -rf ./lib && babel src -d lib --stage 0',
42 silly resolved        'build-css': 'rm -rf ./styles && mkdir styles && node .cssnext',
42 silly resolved        build: 'npm run build-js && npm run build-css',
42 silly resolved        prepublish: 'npm run build' },
42 silly resolved     keywords:
42 silly resolved      [ 'react',
42 silly resolved        'component',
42 silly resolved        'react-component',
42 silly resolved        'soundcloud',
42 silly resolved        'html5',
42 silly resolved        'audio' ],
42 silly resolved     author:
42 silly resolved      { name: 'Dmitri Voronianski',
42 silly resolved        email: 'dmitri.voronianski@gmail.com' },
42 silly resolved     license: 'MIT',
42 silly resolved     dependencies:
42 silly resolved      { classnames: '^2.1.2',
42 silly resolved        'object-assign': '^4.0.1',
42 silly resolved        react: '^0.13.3',
42 silly resolved        'soundcloud-audio': '^0.1.6' },
42 silly resolved     devDependencies:
42 silly resolved      { babel: '^5.1.2',
42 silly resolved        babelify: '^6.0.2',
42 silly resolved        basscss: '^6.0.0',
42 silly resolved        browserify: '^9.0.8',
42 silly resolved        cssnext: '^1.2.3',
42 silly resolved        envify: '^3.4.0',
42 silly resolved        'highlight.js': '^8.5.0',
42 silly resolved        watchify: '^2.4.0' },
42 silly resolved     gitHead: 'a42d1e62bd0118649bb571b76fcf40a12a909266',
42 silly resolved     _id: 'react-soundplayer@0.2.2',
42 silly resolved     _shasum: '0ed90d3fa16e176e6bde78dd7c50f3f4aefdd13c',
42 silly resolved     _from: 'react-soundplayer@',
42 silly resolved     _npmVersion: '2.11.3',
42 silly resolved     _nodeVersion: '0.12.7',
42 silly resolved     _npmUser: { name: 'dmitri', email: 'dmitri.voronianski@gmail.com' },
42 silly resolved     maintainers: [ [Object] ],
42 silly resolved     dist:
42 silly resolved      { shasum: '0ed90d3fa16e176e6bde78dd7c50f3f4aefdd13c',
42 silly resolved        tarball: 'http://registry.npmjs.org/react-soundplayer/-/react-soundplayer-0.2.2.tgz' },
42 silly resolved     _resolved: 'https://registry.npmjs.org/react-soundplayer/-/react-soundplayer-0.2.2.tgz',
42 silly resolved     readme: 'ERROR: No README data found!' } ]
43 info install react-soundplayer@0.2.2 into /Users/grantcollins/Dev/Web/Projects/trakfire/rails/tesseract-react
44 info installOne react-soundplayer@0.2.2
45 verbose node_modules/react-soundplayer unbuild
46 info preuninstall react-soundplayer@0.2.2
47 info uninstall react-soundplayer@0.2.2
48 verbose true,/Users/grantcollins/Dev/Web/Projects/trakfire/rails/tesseract-react/node_modules,/Users/grantcollins/Dev/Web/Projects/trakfire/rails/tesseract-react/node_modules unbuild react-soundplayer@0.2.2
49 info postuninstall react-soundplayer@0.2.2
50 verbose tar unpack /Users/grantcollins/.npm/react-soundplayer/0.2.2/package.tgz
51 silly lockFile 88331f35-t-node-modules-react-soundplayer tar:///Users/grantcollins/Dev/Web/Projects/trakfire/rails/tesseract-react/node_modules/react-soundplayer
52 verbose lock tar:///Users/grantcollins/Dev/Web/Projects/trakfire/rails/tesseract-react/node_modules/react-soundplayer /Users/grantcollins/.npm/88331f35-t-node-modules-react-soundplayer.lock
53 silly lockFile a0d1fcdd-ct-soundplayer-0-2-2-package-tgz tar:///Users/grantcollins/.npm/react-soundplayer/0.2.2/package.tgz
54 verbose lock tar:///Users/grantcollins/.npm/react-soundplayer/0.2.2/package.tgz /Users/grantcollins/.npm/a0d1fcdd-ct-soundplayer-0-2-2-package-tgz.lock
55 silly gunzTarPerm modes [ '755', '644' ]
56 silly gunzTarPerm extractEntry package.json
57 silly gunzTarPerm extractEntry .npmignore
58 silly gunzTarPerm modified mode [ '.npmignore', 436, 420 ]
59 silly gunzTarPerm extractEntry README.md
60 silly gunzTarPerm extractEntry addons.js
61 silly gunzTarPerm extractEntry components.js
62 silly gunzTarPerm extractEntry index.js
63 silly gunzTarPerm extractEntry .jshintrc
64 silly gunzTarPerm extractEntry .sublimelinterrc
65 silly gunzTarPerm extractEntry .eslintrc
66 silly gunzTarPerm extractEntry cssnext/buttons.css
67 silly gunzTarPerm modified mode [ 'cssnext/buttons.css', 436, 420 ]
68 silly gunzTarPerm extractEntry cssnext/cover.css
69 silly gunzTarPerm extractEntry cssnext/icons.css
70 silly gunzTarPerm extractEntry cssnext/progress.css
71 silly gunzTarPerm modified mode [ 'cssnext/progress.css', 436, 420 ]
72 silly gunzTarPerm extractEntry lib/addons/SoundPlayerContainer.js
73 silly gunzTarPerm extractEntry lib/addons/index.js
74 silly gunzTarPerm extractEntry lib/components/Cover.js
75 silly gunzTarPerm extractEntry lib/components/Icons.js
76 silly gunzTarPerm extractEntry lib/components/NextButton.js
77 silly gunzTarPerm extractEntry lib/components/PlayButton.js
78 silly gunzTarPerm extractEntry lib/components/PrevButton.js
79 silly gunzTarPerm extractEntry lib/components/Progress.js
80 silly gunzTarPerm extractEntry lib/components/Timer.js
81 silly gunzTarPerm extractEntry lib/components/index.js
82 silly gunzTarPerm extractEntry lib/utils/audioStore.js
83 silly gunzTarPerm extractEntry styles/buttons.css
84 silly gunzTarPerm extractEntry styles/cover.css
85 silly gunzTarPerm extractEntry styles/icons.css
86 silly gunzTarPerm extractEntry styles/progress.css
87 silly gunzTarPerm extractEntry .jshintignore
88 silly lockFile 88331f35-t-node-modules-react-soundplayer tar:///Users/grantcollins/Dev/Web/Projects/trakfire/rails/tesseract-react/node_modules/react-soundplayer
89 silly lockFile 88331f35-t-node-modules-react-soundplayer tar:///Users/grantcollins/Dev/Web/Projects/trakfire/rails/tesseract-react/node_modules/react-soundplayer
90 silly lockFile a0d1fcdd-ct-soundplayer-0-2-2-package-tgz tar:///Users/grantcollins/.npm/react-soundplayer/0.2.2/package.tgz
91 silly lockFile a0d1fcdd-ct-soundplayer-0-2-2-package-tgz tar:///Users/grantcollins/.npm/react-soundplayer/0.2.2/package.tgz
92 info preinstall react-soundplayer@0.2.2
93 verbose readDependencies using package.json deps
94 verbose readDependencies using package.json deps
95 verbose cache add [ 'object-assign@^4.0.1', null ]
96 verbose cache add name=undefined spec="object-assign@^4.0.1" args=["object-assign@^4.0.1",null]
97 verbose parsed url { protocol: null,
97 verbose parsed url   slashes: null,
97 verbose parsed url   auth: null,
97 verbose parsed url   host: null,
97 verbose parsed url   port: null,
97 verbose parsed url   hostname: null,
97 verbose parsed url   hash: null,
97 verbose parsed url   search: null,
97 verbose parsed url   query: null,
97 verbose parsed url   pathname: 'object-assign@^4.0.1',
97 verbose parsed url   path: 'object-assign@^4.0.1',
97 verbose parsed url   href: 'object-assign@^4.0.1' }
98 verbose cache add [ 'react@^0.13.3', null ]
99 verbose cache add name=undefined spec="react@^0.13.3" args=["react@^0.13.3",null]
100 verbose parsed url { protocol: null,
100 verbose parsed url   slashes: null,
100 verbose parsed url   auth: null,
100 verbose parsed url   host: null,
100 verbose parsed url   port: null,
100 verbose parsed url   hostname: null,
100 verbose parsed url   hash: null,
100 verbose parsed url   search: null,
100 verbose parsed url   query: null,
100 verbose parsed url   pathname: 'react@^0.13.3',
100 verbose parsed url   path: 'react@^0.13.3',
100 verbose parsed url   href: 'react@^0.13.3' }
101 verbose cache add [ 'soundcloud-audio@^0.1.6', null ]
102 verbose cache add name=undefined spec="soundcloud-audio@^0.1.6" args=["soundcloud-audio@^0.1.6",null]
103 verbose parsed url { protocol: null,
103 verbose parsed url   slashes: null,
103 verbose parsed url   auth: null,
103 verbose parsed url   host: null,
103 verbose parsed url   port: null,
103 verbose parsed url   hostname: null,
103 verbose parsed url   hash: null,
103 verbose parsed url   search: null,
103 verbose parsed url   query: null,
103 verbose parsed url   pathname: 'soundcloud-audio@^0.1.6',
103 verbose parsed url   path: 'soundcloud-audio@^0.1.6',
103 verbose parsed url   href: 'soundcloud-audio@^0.1.6' }
104 verbose cache add name="object-assign" spec="^4.0.1" args=["object-assign","^4.0.1"]
105 verbose parsed url { protocol: null,
105 verbose parsed url   slashes: null,
105 verbose parsed url   auth: null,
105 verbose parsed url   host: null,
105 verbose parsed url   port: null,
105 verbose parsed url   hostname: null,
105 verbose parsed url   hash: null,
105 verbose parsed url   search: null,
105 verbose parsed url   query: null,
105 verbose parsed url   pathname: '^4.0.1',
105 verbose parsed url   path: '^4.0.1',
105 verbose parsed url   href: '^4.0.1' }
106 verbose addNamed [ 'object-assign', '^4.0.1' ]
107 verbose addNamed [ null, '>=4.0.1-0 <5.0.0-0' ]
108 silly lockFile 07ecbd72-object-assign-4-0-1 object-assign@^4.0.1
109 verbose lock object-assign@^4.0.1 /Users/grantcollins/.npm/07ecbd72-object-assign-4-0-1.lock
110 verbose cache add name="react" spec="^0.13.3" args=["react","^0.13.3"]
111 verbose parsed url { protocol: null,
111 verbose parsed url   slashes: null,
111 verbose parsed url   auth: null,
111 verbose parsed url   host: null,
111 verbose parsed url   port: null,
111 verbose parsed url   hostname: null,
111 verbose parsed url   hash: null,
111 verbose parsed url   search: null,
111 verbose parsed url   query: null,
111 verbose parsed url   pathname: '^0.13.3',
111 verbose parsed url   path: '^0.13.3',
111 verbose parsed url   href: '^0.13.3' }
112 verbose addNamed [ 'react', '^0.13.3' ]
113 verbose addNamed [ null, '>=0.13.3-0 <0.14.0-0' ]
114 silly lockFile 280bf60d-react-0-13-3 react@^0.13.3
115 verbose lock react@^0.13.3 /Users/grantcollins/.npm/280bf60d-react-0-13-3.lock
116 verbose cache add name="soundcloud-audio" spec="^0.1.6" args=["soundcloud-audio","^0.1.6"]
117 verbose parsed url { protocol: null,
117 verbose parsed url   slashes: null,
117 verbose parsed url   auth: null,
117 verbose parsed url   host: null,
117 verbose parsed url   port: null,
117 verbose parsed url   hostname: null,
117 verbose parsed url   hash: null,
117 verbose parsed url   search: null,
117 verbose parsed url   query: null,
117 verbose parsed url   pathname: '^0.1.6',
117 verbose parsed url   path: '^0.1.6',
117 verbose parsed url   href: '^0.1.6' }
118 verbose addNamed [ 'soundcloud-audio', '^0.1.6' ]
119 verbose addNamed [ null, '>=0.1.6-0 <0.2.0-0' ]
120 silly lockFile 91dc2540-soundcloud-audio-0-1-6 soundcloud-audio@^0.1.6
121 verbose lock soundcloud-audio@^0.1.6 /Users/grantcollins/.npm/91dc2540-soundcloud-audio-0-1-6.lock
122 silly addNameRange { name: 'object-assign',
122 silly addNameRange   range: '>=4.0.1-0 <5.0.0-0',
122 silly addNameRange   hasData: false }
123 silly addNameRange { name: 'react', range: '>=0.13.3-0 <0.14.0-0', hasData: false }
124 silly addNameRange { name: 'soundcloud-audio',
124 silly addNameRange   range: '>=0.1.6-0 <0.2.0-0',
124 silly addNameRange   hasData: false }
125 verbose request where is /object-assign
126 verbose request registry https://registry.npmjs.org/
127 verbose url raw /object-assign
128 verbose url resolving [ 'https://registry.npmjs.org/', './object-assign' ]
129 verbose url resolved https://registry.npmjs.org/object-assign
130 verbose request where is https://registry.npmjs.org/object-assign
131 info trying registry request attempt 1 at 01:06:52
132 verbose etag "637E3HK1HW04QPOIQATJZU8ID"
133 http GET https://registry.npmjs.org/object-assign
134 verbose request where is /react
135 verbose request registry https://registry.npmjs.org/
136 verbose url raw /react
137 verbose url resolving [ 'https://registry.npmjs.org/', './react' ]
138 verbose url resolved https://registry.npmjs.org/react
139 verbose request where is https://registry.npmjs.org/react
140 info trying registry request attempt 1 at 01:06:52
141 verbose etag "5IY8RN8DXGA5LBNT8I4QOA9EJ"
142 http GET https://registry.npmjs.org/react
143 verbose request where is /soundcloud-audio
144 verbose request registry https://registry.npmjs.org/
145 verbose url raw /soundcloud-audio
146 verbose url resolving [ 'https://registry.npmjs.org/', './soundcloud-audio' ]
147 verbose url resolved https://registry.npmjs.org/soundcloud-audio
148 verbose request where is https://registry.npmjs.org/soundcloud-audio
149 info trying registry request attempt 1 at 01:06:52
150 verbose etag "4MBYMV273J3WK88JP8T6EOZI1"
151 http GET https://registry.npmjs.org/soundcloud-audio
152 http 304 https://registry.npmjs.org/object-assign
153 silly registry.get cb [ 304,
153 silly registry.get   { date: 'Thu, 08 Oct 2015 08:06:52 GMT',
153 silly registry.get     via: '1.1 varnish',
153 silly registry.get     'cache-control': 'max-age=60',
153 silly registry.get     etag: '"637E3HK1HW04QPOIQATJZU8ID"',
153 silly registry.get     age: '59',
153 silly registry.get     connection: 'keep-alive',
153 silly registry.get     'x-served-by': 'cache-lax1435-LAX',
153 silly registry.get     'x-cache': 'HIT',
153 silly registry.get     'x-cache-hits': '4',
153 silly registry.get     'x-timer': 'S1444291612.596914,VS0,VE0',
153 silly registry.get     vary: 'Accept' } ]
154 verbose etag https://registry.npmjs.org/object-assign from cache
155 silly addNameRange number 2 { name: 'object-assign',
155 silly addNameRange   range: '>=4.0.1-0 <5.0.0-0',
155 silly addNameRange   hasData: true }
156 silly addNameRange versions [ 'object-assign',
156 silly addNameRange   [ '0.1.0',
156 silly addNameRange     '0.1.1',
156 silly addNameRange     '0.1.2',
156 silly addNameRange     '0.2.0',
156 silly addNameRange     '0.2.1',
156 silly addNameRange     '0.2.2',
156 silly addNameRange     '0.3.0',
156 silly addNameRange     '0.3.1',
156 silly addNameRange     '0.4.0',
156 silly addNameRange     '1.0.0',
156 silly addNameRange     '2.0.0',
156 silly addNameRange     '3.0.0',
156 silly addNameRange     '2.1.1',
156 silly addNameRange     '4.0.0',
156 silly addNameRange     '4.0.1' ] ]
157 verbose addNamed [ 'object-assign', '4.0.1' ]
158 verbose addNamed [ '4.0.1', '4.0.1' ]
159 silly lockFile 315db0a1-object-assign-4-0-1 object-assign@4.0.1
160 verbose lock object-assign@4.0.1 /Users/grantcollins/.npm/315db0a1-object-assign-4-0-1.lock
161 silly lockFile 315db0a1-object-assign-4-0-1 object-assign@4.0.1
162 silly lockFile 315db0a1-object-assign-4-0-1 object-assign@4.0.1
163 silly lockFile 07ecbd72-object-assign-4-0-1 object-assign@^4.0.1
164 silly lockFile 07ecbd72-object-assign-4-0-1 object-assign@^4.0.1
165 http 304 https://registry.npmjs.org/soundcloud-audio
166 silly registry.get cb [ 304,
166 silly registry.get   { date: 'Thu, 08 Oct 2015 08:06:52 GMT',
166 silly registry.get     via: '1.1 varnish',
166 silly registry.get     'cache-control': 'max-age=60',
166 silly registry.get     etag: '"4MBYMV273J3WK88JP8T6EOZI1"',
166 silly registry.get     age: '0',
166 silly registry.get     connection: 'keep-alive',
166 silly registry.get     'x-served-by': 'cache-lax1427-LAX',
166 silly registry.get     'x-cache': 'MISS',
166 silly registry.get     'x-cache-hits': '0',
166 silly registry.get     'x-timer': 'S1444291612.605228,VS0,VE158',
166 silly registry.get     vary: 'Accept' } ]
167 verbose etag https://registry.npmjs.org/soundcloud-audio from cache
168 silly addNameRange number 2 { name: 'soundcloud-audio',
168 silly addNameRange   range: '>=0.1.6-0 <0.2.0-0',
168 silly addNameRange   hasData: true }
169 silly addNameRange versions [ 'soundcloud-audio',
169 silly addNameRange   [ '0.1.0', '0.1.1', '0.1.2', '0.1.3', '0.1.4', '0.1.5', '0.1.6' ] ]
170 verbose addNamed [ 'soundcloud-audio', '0.1.6' ]
171 verbose addNamed [ '0.1.6', '0.1.6' ]
172 silly lockFile 2bd3c7e3-soundcloud-audio-0-1-6 soundcloud-audio@0.1.6
173 verbose lock soundcloud-audio@0.1.6 /Users/grantcollins/.npm/2bd3c7e3-soundcloud-audio-0-1-6.lock
174 silly lockFile 2bd3c7e3-soundcloud-audio-0-1-6 soundcloud-audio@0.1.6
175 silly lockFile 2bd3c7e3-soundcloud-audio-0-1-6 soundcloud-audio@0.1.6
176 silly lockFile 91dc2540-soundcloud-audio-0-1-6 soundcloud-audio@^0.1.6
177 silly lockFile 91dc2540-soundcloud-audio-0-1-6 soundcloud-audio@^0.1.6
178 http 304 https://registry.npmjs.org/react
179 silly registry.get cb [ 304,
179 silly registry.get   { date: 'Thu, 08 Oct 2015 08:06:52 GMT',
179 silly registry.get     via: '1.1 varnish',
179 silly registry.get     'cache-control': 'max-age=60',
179 silly registry.get     etag: '"5IY8RN8DXGA5LBNT8I4QOA9EJ"',
179 silly registry.get     age: '0',
179 silly registry.get     connection: 'keep-alive',
179 silly registry.get     'x-served-by': 'cache-lax1429-LAX',
179 silly registry.get     'x-cache': 'HIT',
179 silly registry.get     'x-cache-hits': '1',
179 silly registry.get     'x-timer': 'S1444291612.610473,VS0,VE305',
179 silly registry.get     vary: 'Accept' } ]
180 verbose etag https://registry.npmjs.org/react from cache
181 silly addNameRange number 2 { name: 'react', range: '>=0.13.3-0 <0.14.0-0', hasData: true }
182 silly addNameRange versions [ 'react',
182 silly addNameRange   [ '0.0.1',
182 silly addNameRange     '0.0.2',
182 silly addNameRange     '0.0.3',
182 silly addNameRange     '0.1.2',
182 silly addNameRange     '0.2.0',
182 silly addNameRange     '0.2.1',
182 silly addNameRange     '0.2.2',
182 silly addNameRange     '0.2.3',
182 silly addNameRange     '0.2.4',
182 silly addNameRange     '0.2.5',
182 silly addNameRange     '0.2.6',
182 silly addNameRange     '0.3.0',
182 silly addNameRange     '0.3.4',
182 silly addNameRange     '0.3.5',
182 silly addNameRange     '0.5.0',
182 silly addNameRange     '0.5.1',
182 silly addNameRange     '0.5.2',
182 silly addNameRange     '0.6.0',
182 silly addNameRange     '0.6.1',
182 silly addNameRange     '0.6.2',
182 silly addNameRange     '0.6.3',
182 silly addNameRange     '0.7.0',
182 silly addNameRange     '0.7.1',
182 silly addNameRange     '0.8.0',
182 silly addNameRange     '0.9.0-rc1',
182 silly addNameRange     '0.9.0',
182 silly addNameRange     '0.10.0-rc1',
182 silly addNameRange     '0.10.0',
182 silly addNameRange     '0.11.0-rc1',
182 silly addNameRange     '0.11.0',
182 silly addNameRange     '0.11.1',
182 silly addNameRange     '0.11.2',
182 silly addNameRange     '0.12.0-rc1',
182 silly addNameRange     '0.12.0',
182 silly addNameRange     '0.12.1',
182 silly addNameRange     '0.12.2',
182 silly addNameRange     '0.13.0-alpha.1',
182 silly addNameRange     '0.13.0-alpha.2',
182 silly addNameRange     '0.13.0-beta.1',
182 silly addNameRange     '0.13.0-beta.2',
182 silly addNameRange     '0.13.0-rc1',
182 silly addNameRange     '0.13.0-rc2',
182 silly addNameRange     '0.13.0',
182 silly addNameRange     '0.13.1',
182 silly addNameRange     '0.13.2',
182 silly addNameRange     '0.13.3',
182 silly addNameRange     '0.14.0-alpha1',
182 silly addNameRange     '0.14.0-alpha2',
182 silly addNameRange     '0.14.0-alpha3',
182 silly addNameRange     '0.14.0-beta1',
182 silly addNameRange     '0.14.0-beta2',
182 silly addNameRange     '0.14.0-beta3',
182 silly addNameRange     '0.14.0-rc1',
182 silly addNameRange     '0.14.0' ] ]
183 verbose addNamed [ 'react', '0.13.3' ]
184 verbose addNamed [ '0.13.3', '0.13.3' ]
185 silly lockFile e90fbd15-react-0-13-3 react@0.13.3
186 verbose lock react@0.13.3 /Users/grantcollins/.npm/e90fbd15-react-0-13-3.lock
187 silly lockFile e90fbd15-react-0-13-3 react@0.13.3
188 silly lockFile e90fbd15-react-0-13-3 react@0.13.3
189 silly lockFile 280bf60d-react-0-13-3 react@^0.13.3
190 silly lockFile 280bf60d-react-0-13-3 react@^0.13.3
191 silly resolved [ { name: 'object-assign',
191 silly resolved     version: '4.0.1',
191 silly resolved     description: 'ES6 Object.assign() ponyfill',
191 silly resolved     license: 'MIT',
191 silly resolved     repository:
191 silly resolved      { type: 'git',
191 silly resolved        url: 'git+https://github.com/sindresorhus/object-assign.git' },
191 silly resolved     author:
191 silly resolved      { name: 'Sindre Sorhus',
191 silly resolved        email: 'sindresorhus@gmail.com',
191 silly resolved        url: 'http://sindresorhus.com' },
191 silly resolved     engines: { node: '>=0.10.0' },
191 silly resolved     scripts: { test: 'xo && mocha', bench: 'matcha bench.js' },
191 silly resolved     files: [ 'index.js' ],
191 silly resolved     keywords:
191 silly resolved      [ 'object',
191 silly resolved        'assign',
191 silly resolved        'extend',
191 silly resolved        'properties',
191 silly resolved        'es6',
191 silly resolved        'ecmascript',
191 silly resolved        'harmony',
191 silly resolved        'ponyfill',
191 silly resolved        'prollyfill',
191 silly resolved        'polyfill',
191 silly resolved        'shim',
191 silly resolved        'browser' ],
191 silly resolved     devDependencies: { lodash: '^3.10.1', matcha: '^0.6.0', mocha: '*', xo: '*' },
191 silly resolved     xo: { envs: [Object] },
191 silly resolved     gitHead: 'b0c40d37cbc43e89ad3326a9bad4c6b3133ba6d3',
191 silly resolved     bugs: { url: 'https://github.com/sindresorhus/object-assign/issues' },
191 silly resolved     homepage: 'https://github.com/sindresorhus/object-assign#readme',
191 silly resolved     _id: 'object-assign@4.0.1',
191 silly resolved     _shasum: '99504456c3598b5cad4fc59c26e8a9bb107fe0bd',
191 silly resolved     _from: 'object-assign@^4.0.1',
191 silly resolved     _npmVersion: '2.13.3',
191 silly resolved     _nodeVersion: '3.0.0',
191 silly resolved     _npmUser: { name: 'sindresorhus', email: 'sindresorhus@gmail.com' },
191 silly resolved     dist:
191 silly resolved      { shasum: '99504456c3598b5cad4fc59c26e8a9bb107fe0bd',
191 silly resolved        tarball: 'http://registry.npmjs.org/object-assign/-/object-assign-4.0.1.tgz' },
191 silly resolved     maintainers: [ [Object] ],
191 silly resolved     directories: {},
191 silly resolved     _resolved: 'https://registry.npmjs.org/object-assign/-/object-assign-4.0.1.tgz',
191 silly resolved     readme: 'ERROR: No README data found!' },
191 silly resolved   { name: 'soundcloud-audio',
191 silly resolved     version: '0.1.6',
191 silly resolved     description: 'Play SoundCloud tracks and playslists in modern browsers with HTML5 Audio API',
191 silly resolved     main: 'index.js',
191 silly resolved     directories: { example: 'example' },
191 silly resolved     scripts:
191 silly resolved      { start: 'watchify . -s SoundCloudAudio -o dist/soundcloud-audio.js -v -d',
191 silly resolved        build: 'browserify . -s SoundCloudAudio | uglifyjs -cm > dist/soundcloud-audio.min.js',
191 silly resolved        test: './node_modules/karma/bin/karma start --single-run --browsers Chrome' },
191 silly resolved     repository:
191 silly resolved      { type: 'git',
191 silly resolved        url: 'git+https://github.com/voronianski/soundcloud-audio.js.git' },
191 silly resolved     keywords:
191 silly resolved      [ 'soundcloud',
191 silly resolved        'html5',
191 silly resolved        'browser',
191 silly resolved        'audio',
191 silly resolved        'playlists',
191 silly resolved        'tracks',
191 silly resolved        'api',
191 silly resolved        'waveform',
191 silly resolved        'sdk' ],
191 silly resolved     author:
191 silly resolved      { name: 'Dmitri Voronianski',
191 silly resolved        email: 'dmitri.voronianski@gmail.com' },
191 silly resolved     license: 'MIT',
191 silly resolved     devDependencies:
191 silly resolved      { browserify: '^8.1.0',
191 silly resolved        chai: '^3.3.0',
191 silly resolved        'jasmine-core': '^2.1.3',
191 silly resolved        karma: '^0.12.31',
191 silly resolved        'karma-chai': '^0.1.0',
191 silly resolved        'karma-chrome-launcher': '^0.1.7',
191 silly resolved        'karma-mocha': '^0.2.0',
191 silly resolved        mocha: '^2.3.3',
191 silly resolved        'uglify-js': '^2.4.16',
191 silly resolved        watchify: '^2.2.1' },
191 silly resolved     dependencies: {},
191 silly resolved     gitHead: '57ba9734ff4a60d05ba5b30b678b7bc581b7a847',
191 silly resolved     bugs: { url: 'https://github.com/voronianski/soundcloud-audio.js/issues' },
191 silly resolved     homepage: 'https://github.com/voronianski/soundcloud-audio.js#readme',
191 silly resolved     _id: 'soundcloud-audio@0.1.6',
191 silly resolved     _shasum: 'c275b97f9acc02916116aa291ef1522b2ed51eaa',
191 silly resolved     _from: 'soundcloud-audio@^0.1.6',
191 silly resolved     _npmVersion: '2.11.3',
191 silly resolved     _nodeVersion: '0.12.7',
191 silly resolved     _npmUser: { name: 'dmitri', email: 'dmitri.voronianski@gmail.com' },
191 silly resolved     maintainers: [ [Object] ],
191 silly resolved     dist:
191 silly resolved      { shasum: 'c275b97f9acc02916116aa291ef1522b2ed51eaa',
191 silly resolved        tarball: 'http://registry.npmjs.org/soundcloud-audio/-/soundcloud-audio-0.1.6.tgz' },
191 silly resolved     _resolved: 'https://registry.npmjs.org/soundcloud-audio/-/soundcloud-audio-0.1.6.tgz',
191 silly resolved     readme: 'ERROR: No README data found!' },
191 silly resolved   { name: 'react',
191 silly resolved     description: 'React is a JavaScript library for building user interfaces.',
191 silly resolved     version: '0.13.3',
191 silly resolved     keywords: [ 'react' ],
191 silly resolved     homepage: 'https://github.com/facebook/react/tree/master/npm-react',
191 silly resolved     bugs: { url: 'https://github.com/facebook/react/issues?labels=react-core' },
191 silly resolved     license: 'BSD-3-Clause',
191 silly resolved     files: [ 'README.md', 'addons.js', 'react.js', 'dist/', 'lib/' ],
191 silly resolved     main: 'react.js',
191 silly resolved     repository: { type: 'git', url: 'https://github.com/facebook/react' },
191 silly resolved     engines: { node: '>=0.10.0' },
191 silly resolved     dependencies: { envify: '^3.0.0' },
191 silly resolved     browserify: { transform: [Object] },
191 silly resolved     _id: 'react@0.13.3',
191 silly resolved     _shasum: 'a2dfa85335d7dc02b82b482f089582e64cc13356',
191 silly resolved     _resolved: 'https://registry.npmjs.org/react/-/react-0.13.3.tgz',
191 silly resolved     _from: 'react@^0.13.3',
191 silly resolved     scripts: {},
191 silly resolved     _npmVersion: '2.7.3',
191 silly resolved     _nodeVersion: '0.10.38',
191 silly resolved     _npmUser: { name: 'zpao', email: 'paul@oshannessy.com' },
191 silly resolved     maintainers: [ [Object], [Object], [Object], [Object] ],
191 silly resolved     dist:
191 silly resolved      { shasum: 'a2dfa85335d7dc02b82b482f089582e64cc13356',
191 silly resolved        tarball: 'http://registry.npmjs.org/react/-/react-0.13.3.tgz' },
191 silly resolved     directories: {},
191 silly resolved     readme: 'ERROR: No README data found!' } ]
192 info install object-assign@4.0.1 into /Users/grantcollins/Dev/Web/Projects/trakfire/rails/tesseract-react/node_modules/react-soundplayer
193 info install soundcloud-audio@0.1.6 into /Users/grantcollins/Dev/Web/Projects/trakfire/rails/tesseract-react/node_modules/react-soundplayer
194 info install react@0.13.3 into /Users/grantcollins/Dev/Web/Projects/trakfire/rails/tesseract-react/node_modules/react-soundplayer
195 info installOne object-assign@4.0.1
196 info installOne soundcloud-audio@0.1.6
197 info installOne react@0.13.3
198 verbose node_modules/react-soundplayer/node_modules/object-assign unbuild
199 verbose node_modules/react-soundplayer/node_modules/soundcloud-audio unbuild
200 verbose node_modules/react-soundplayer/node_modules/react unbuild
201 verbose tar unpack /Users/grantcollins/.npm/object-assign/4.0.1/package.tgz
202 silly lockFile d7ffe3c1-layer-node-modules-object-assign tar:///Users/grantcollins/Dev/Web/Projects/trakfire/rails/tesseract-react/node_modules/react-soundplayer/node_modules/object-assign
203 verbose lock tar:///Users/grantcollins/Dev/Web/Projects/trakfire/rails/tesseract-react/node_modules/react-soundplayer/node_modules/object-assign /Users/grantcollins/.npm/d7ffe3c1-layer-node-modules-object-assign.lock
204 silly lockFile ef996f79--object-assign-4-0-1-package-tgz tar:///Users/grantcollins/.npm/object-assign/4.0.1/package.tgz
205 verbose lock tar:///Users/grantcollins/.npm/object-assign/4.0.1/package.tgz /Users/grantcollins/.npm/ef996f79--object-assign-4-0-1-package-tgz.lock
206 verbose tar unpack /Users/grantcollins/.npm/soundcloud-audio/0.1.6/package.tgz
207 silly lockFile fc3b6a58-er-node-modules-soundcloud-audio tar:///Users/grantcollins/Dev/Web/Projects/trakfire/rails/tesseract-react/node_modules/react-soundplayer/node_modules/soundcloud-audio
208 verbose lock tar:///Users/grantcollins/Dev/Web/Projects/trakfire/rails/tesseract-react/node_modules/react-soundplayer/node_modules/soundcloud-audio /Users/grantcollins/.npm/fc3b6a58-er-node-modules-soundcloud-audio.lock
209 silly lockFile eb078747-undcloud-audio-0-1-6-package-tgz tar:///Users/grantcollins/.npm/soundcloud-audio/0.1.6/package.tgz
210 verbose lock tar:///Users/grantcollins/.npm/soundcloud-audio/0.1.6/package.tgz /Users/grantcollins/.npm/eb078747-undcloud-audio-0-1-6-package-tgz.lock
211 verbose tar unpack /Users/grantcollins/.npm/react/0.13.3/package.tgz
212 silly lockFile 1e7eba01-t-soundplayer-node-modules-react tar:///Users/grantcollins/Dev/Web/Projects/trakfire/rails/tesseract-react/node_modules/react-soundplayer/node_modules/react
213 verbose lock tar:///Users/grantcollins/Dev/Web/Projects/trakfire/rails/tesseract-react/node_modules/react-soundplayer/node_modules/react /Users/grantcollins/.npm/1e7eba01-t-soundplayer-node-modules-react.lock
214 silly lockFile 6ede598b-ins-npm-react-0-13-3-package-tgz tar:///Users/grantcollins/.npm/react/0.13.3/package.tgz
215 verbose lock tar:///Users/grantcollins/.npm/react/0.13.3/package.tgz /Users/grantcollins/.npm/6ede598b-ins-npm-react-0-13-3-package-tgz.lock
216 silly gunzTarPerm modes [ '755', '644' ]
217 silly gunzTarPerm modes [ '755', '644' ]
218 silly gunzTarPerm modes [ '755', '644' ]
219 silly gunzTarPerm extractEntry package.json
220 silly gunzTarPerm extractEntry package.json
221 silly gunzTarPerm extractEntry package.json
222 silly gunzTarPerm extractEntry index.js
223 silly gunzTarPerm extractEntry license
224 silly gunzTarPerm extractEntry .npmignore
225 silly gunzTarPerm modified mode [ '.npmignore', 436, 420 ]
226 silly gunzTarPerm extractEntry README.md
227 silly gunzTarPerm extractEntry README.md
228 silly gunzTarPerm extractEntry addons.js
229 silly gunzTarPerm extractEntry readme.md
230 silly gunzTarPerm extractEntry react.js
231 silly gunzTarPerm extractEntry dist/JSXTransformer.js
232 silly gunzTarPerm extractEntry index.js
233 silly gunzTarPerm extractEntry bower.json
234 silly gunzTarPerm extractEntry .eslintrc
235 silly gunzTarPerm extractEntry dist/react-with-addons.js
236 silly gunzTarPerm extractEntry .jshintrc
237 silly gunzTarPerm modified mode [ '.jshintrc', 436, 420 ]
238 silly gunzTarPerm extractEntry .editorconfig
239 silly gunzTarPerm modified mode [ '.editorconfig', 436, 420 ]
240 silly lockFile d7ffe3c1-layer-node-modules-object-assign tar:///Users/grantcollins/Dev/Web/Projects/trakfire/rails/tesseract-react/node_modules/react-soundplayer/node_modules/object-assign
241 silly lockFile d7ffe3c1-layer-node-modules-object-assign tar:///Users/grantcollins/Dev/Web/Projects/trakfire/rails/tesseract-react/node_modules/react-soundplayer/node_modules/object-assign
242 silly lockFile ef996f79--object-assign-4-0-1-package-tgz tar:///Users/grantcollins/.npm/object-assign/4.0.1/package.tgz
243 silly lockFile ef996f79--object-assign-4-0-1-package-tgz tar:///Users/grantcollins/.npm/object-assign/4.0.1/package.tgz
244 info preinstall object-assign@4.0.1
245 silly gunzTarPerm extractEntry .travis.yml
246 silly gunzTarPerm modified mode [ '.travis.yml', 436, 420 ]
247 verbose readDependencies using package.json deps
248 verbose readDependencies using package.json deps
249 silly resolved []
250 verbose about to build /Users/grantcollins/Dev/Web/Projects/trakfire/rails/tesseract-react/node_modules/react-soundplayer/node_modules/object-assign
251 info build /Users/grantcollins/Dev/Web/Projects/trakfire/rails/tesseract-react/node_modules/react-soundplayer/node_modules/object-assign
252 verbose linkStuff [ false,
252 verbose linkStuff   false,
252 verbose linkStuff   false,
252 verbose linkStuff   '/Users/grantcollins/Dev/Web/Projects/trakfire/rails/tesseract-react/node_modules/react-soundplayer/node_modules' ]
253 info linkStuff object-assign@4.0.1
254 verbose linkBins object-assign@4.0.1
255 verbose linkMans object-assign@4.0.1
256 verbose rebuildBundles object-assign@4.0.1
257 info install object-assign@4.0.1
258 info postinstall object-assign@4.0.1
259 silly lockFile fc3b6a58-er-node-modules-soundcloud-audio tar:///Users/grantcollins/Dev/Web/Projects/trakfire/rails/tesseract-react/node_modules/react-soundplayer/node_modules/soundcloud-audio
260 silly lockFile fc3b6a58-er-node-modules-soundcloud-audio tar:///Users/grantcollins/Dev/Web/Projects/trakfire/rails/tesseract-react/node_modules/react-soundplayer/node_modules/soundcloud-audio
261 silly lockFile eb078747-undcloud-audio-0-1-6-package-tgz tar:///Users/grantcollins/.npm/soundcloud-audio/0.1.6/package.tgz
262 silly lockFile eb078747-undcloud-audio-0-1-6-package-tgz tar:///Users/grantcollins/.npm/soundcloud-audio/0.1.6/package.tgz
263 info preinstall soundcloud-audio@0.1.6
264 verbose readDependencies using package.json deps
265 verbose readDependencies using package.json deps
266 silly resolved []
267 verbose about to build /Users/grantcollins/Dev/Web/Projects/trakfire/rails/tesseract-react/node_modules/react-soundplayer/node_modules/soundcloud-audio
268 info build /Users/grantcollins/Dev/Web/Projects/trakfire/rails/tesseract-react/node_modules/react-soundplayer/node_modules/soundcloud-audio
269 verbose linkStuff [ false,
269 verbose linkStuff   false,
269 verbose linkStuff   false,
269 verbose linkStuff   '/Users/grantcollins/Dev/Web/Projects/trakfire/rails/tesseract-react/node_modules/react-soundplayer/node_modules' ]
270 info linkStuff soundcloud-audio@0.1.6
271 verbose linkBins soundcloud-audio@0.1.6
272 verbose linkMans soundcloud-audio@0.1.6
273 verbose rebuildBundles soundcloud-audio@0.1.6
274 info install soundcloud-audio@0.1.6
275 info postinstall soundcloud-audio@0.1.6
276 silly gunzTarPerm extractEntry dist/react-with-addons.min.js
277 silly gunzTarPerm extractEntry dist/react.js
278 silly gunzTarPerm extractEntry dist/react.min.js
279 silly gunzTarPerm extractEntry lib/AutoFocusMixin.js
280 silly gunzTarPerm extractEntry lib/ReactPropTypeLocationNames.js
281 silly gunzTarPerm extractEntry lib/ReactPropTypeLocations.js
282 silly gunzTarPerm extractEntry lib/ReactPropTypes.js
283 silly gunzTarPerm extractEntry lib/ReactPropTransferer.js
284 silly gunzTarPerm extractEntry lib/ReactReconcileTransaction.js
285 silly gunzTarPerm extractEntry lib/ReactReconciler.js
286 silly gunzTarPerm extractEntry lib/ReactRef.js
287 silly gunzTarPerm extractEntry lib/ReactRootIndex.js
288 silly gunzTarPerm extractEntry lib/ReactServerRendering.js
289 silly gunzTarPerm extractEntry lib/ReactPerf.js
290 silly gunzTarPerm extractEntry lib/ReactServerRenderingTransaction.js
291 silly gunzTarPerm extractEntry lib/ReactOwner.js
292 silly gunzTarPerm extractEntry lib/ReactStateSetters.js
293 silly gunzTarPerm extractEntry lib/ReactNativeComponent.js
294 silly gunzTarPerm extractEntry lib/ReactTestUtils.js
295 silly gunzTarPerm extractEntry lib/ReactMultiChildUpdateTypes.js
296 silly gunzTarPerm extractEntry lib/ReactTransitionChildMapping.js
297 silly gunzTarPerm extractEntry lib/ReactMultiChild.js
298 silly gunzTarPerm extractEntry lib/ReactTransitionEvents.js
299 silly gunzTarPerm extractEntry lib/ReactMount.js
300 silly gunzTarPerm extractEntry lib/ReactTransitionGroup.js
301 silly gunzTarPerm extractEntry lib/ReactMarkupChecksum.js
302 silly gunzTarPerm extractEntry lib/ReactUpdateQueue.js
303 silly gunzTarPerm extractEntry lib/ReactLink.js
304 silly gunzTarPerm extractEntry lib/ReactUpdates.js
305 silly gunzTarPerm extractEntry lib/ReactLifeCycle.js
306 silly gunzTarPerm extractEntry lib/ReactWithAddons.js
307 silly gunzTarPerm extractEntry lib/ReactInstanceMap.js
308 silly gunzTarPerm extractEntry lib/SVGDOMPropertyConfig.js
309 silly gunzTarPerm extractEntry lib/ReactInstanceHandles.js
310 silly gunzTarPerm extractEntry lib/SelectEventPlugin.js
311 silly gunzTarPerm extractEntry lib/ReactInputSelection.js
312 silly gunzTarPerm extractEntry lib/ServerReactRootIndex.js
313 silly gunzTarPerm extractEntry lib/ReactInjection.js
314 silly gunzTarPerm extractEntry lib/SimpleEventPlugin.js
315 silly gunzTarPerm extractEntry lib/ReactFragment.js
316 silly gunzTarPerm extractEntry lib/SyntheticClipboardEvent.js
317 silly gunzTarPerm extractEntry lib/ReactEventListener.js
318 silly gunzTarPerm extractEntry lib/SyntheticCompositionEvent.js
319 silly gunzTarPerm extractEntry lib/ReactEventEmitterMixin.js
320 silly gunzTarPerm extractEntry lib/SyntheticDragEvent.js
321 silly gunzTarPerm extractEntry lib/ReactErrorUtils.js
322 silly gunzTarPerm extractEntry lib/SyntheticEvent.js
323 silly gunzTarPerm extractEntry lib/ReactEmptyComponent.js
324 silly gunzTarPerm extractEntry lib/SyntheticFocusEvent.js
325 silly gunzTarPerm extractEntry lib/ReactElementValidator.js
326 silly gunzTarPerm extractEntry lib/SyntheticInputEvent.js
327 silly gunzTarPerm extractEntry lib/ReactElement.js
328 silly gunzTarPerm extractEntry lib/SyntheticKeyboardEvent.js
329 silly gunzTarPerm extractEntry lib/ReactDefaultPerfAnalysis.js
330 silly gunzTarPerm extractEntry lib/SyntheticMouseEvent.js
331 silly gunzTarPerm extractEntry lib/ReactDefaultPerf.js
332 silly gunzTarPerm extractEntry lib/SyntheticTouchEvent.js
333 silly gunzTarPerm extractEntry lib/ReactDefaultInjection.js
334 silly gunzTarPerm extractEntry lib/SyntheticUIEvent.js
335 silly gunzTarPerm extractEntry lib/ReactDefaultBatchingStrategy.js
336 silly gunzTarPerm extractEntry lib/SyntheticWheelEvent.js
337 silly gunzTarPerm extractEntry lib/ReactDOMTextarea.js
338 silly gunzTarPerm extractEntry lib/Transaction.js
339 silly gunzTarPerm extractEntry lib/ReactDOMTextComponent.js
340 silly gunzTarPerm extractEntry lib/ViewportMetrics.js
341 silly gunzTarPerm extractEntry lib/ReactDOMSelection.js
342 silly gunzTarPerm extractEntry lib/accumulateInto.js
343 silly gunzTarPerm extractEntry lib/ReactDOMSelect.js
344 silly gunzTarPerm extractEntry lib/adler32.js
345 silly gunzTarPerm extractEntry lib/ReactDOMOption.js
346 silly gunzTarPerm extractEntry lib/camelize.js
347 silly gunzTarPerm extractEntry lib/ReactDOMInput.js
348 silly gunzTarPerm extractEntry lib/camelizeStyleName.js
349 silly gunzTarPerm extractEntry lib/ReactDOMImg.js
350 silly gunzTarPerm extractEntry lib/cloneWithProps.js
351 silly gunzTarPerm extractEntry lib/ReactDOMIframe.js
352 silly gunzTarPerm extractEntry lib/containsNode.js
353 silly gunzTarPerm extractEntry lib/ReactDOMIDOperations.js
354 silly gunzTarPerm extractEntry lib/createArrayFromMixed.js
355 silly gunzTarPerm extractEntry lib/ReactDOMForm.js
356 silly gunzTarPerm extractEntry lib/createFullPageComponent.js
357 silly gunzTarPerm extractEntry lib/ReactDOMComponent.js
358 silly gunzTarPerm extractEntry lib/createNodesFromMarkup.js
359 silly gunzTarPerm extractEntry lib/ReactDOMButton.js
360 silly gunzTarPerm extractEntry lib/cx.js
361 silly gunzTarPerm extractEntry lib/ReactDOM.js
362 silly gunzTarPerm extractEntry lib/dangerousStyleValue.js
363 silly gunzTarPerm extractEntry lib/ReactCurrentOwner.js
364 silly gunzTarPerm extractEntry lib/emptyFunction.js
365 silly gunzTarPerm extractEntry lib/ReactContext.js
366 silly gunzTarPerm extractEntry lib/emptyObject.js
367 silly gunzTarPerm extractEntry lib/ReactCompositeComponent.js
368 silly gunzTarPerm extractEntry lib/escapeTextContentForBrowser.js
369 silly gunzTarPerm extractEntry lib/ReactComponentWithPureRenderMixin.js
370 silly gunzTarPerm extractEntry lib/findDOMNode.js
371 silly gunzTarPerm extractEntry lib/ReactComponentEnvironment.js
372 silly gunzTarPerm extractEntry lib/flattenChildren.js
373 silly gunzTarPerm extractEntry lib/ReactComponentBrowserEnvironment.js
374 silly gunzTarPerm extractEntry lib/focusNode.js
375 silly gunzTarPerm extractEntry lib/ReactComponent.js
376 silly gunzTarPerm extractEntry lib/forEachAccumulated.js
377 silly gunzTarPerm extractEntry lib/ReactClass.js
378 silly gunzTarPerm extractEntry lib/getActiveElement.js
379 silly gunzTarPerm extractEntry lib/ReactChildren.js
380 silly gunzTarPerm extractEntry lib/getEventCharCode.js
381 silly gunzTarPerm extractEntry lib/ReactChildReconciler.js
382 silly gunzTarPerm extractEntry lib/getEventKey.js
383 silly gunzTarPerm extractEntry lib/ReactCSSTransitionGroupChild.js
384 silly gunzTarPerm extractEntry lib/getEventModifierState.js
385 silly gunzTarPerm extractEntry lib/ReactCSSTransitionGroup.js
386 silly gunzTarPerm extractEntry lib/getEventTarget.js
387 silly gunzTarPerm extractEntry lib/ReactBrowserEventEmitter.js
388 silly gunzTarPerm extractEntry lib/getIteratorFn.js
389 silly gunzTarPerm extractEntry lib/ReactBrowserComponentMixin.js
390 silly gunzTarPerm extractEntry lib/getMarkupWrap.js
391 silly gunzTarPerm extractEntry lib/React.js
392 silly gunzTarPerm extractEntry lib/getNodeForCharacterOffset.js
393 silly gunzTarPerm extractEntry lib/PooledClass.js
394 silly gunzTarPerm extractEntry lib/getReactRootElementInContainer.js
395 silly gunzTarPerm extractEntry lib/Object.assign.js
396 silly gunzTarPerm extractEntry lib/getTextContentAccessor.js
397 silly gunzTarPerm extractEntry lib/MobileSafariClickEventPlugin.js
398 silly gunzTarPerm extractEntry lib/getUnboundedScrollPosition.js
399 silly gunzTarPerm extractEntry lib/LocalEventTrapMixin.js
400 silly gunzTarPerm extractEntry lib/hyphenate.js
401 silly gunzTarPerm extractEntry lib/LinkedValueUtils.js
402 silly gunzTarPerm extractEntry lib/hyphenateStyleName.js
403 silly gunzTarPerm extractEntry lib/LinkedStateMixin.js
404 silly gunzTarPerm extractEntry lib/instantiateReactComponent.js
405 silly gunzTarPerm extractEntry lib/HTMLDOMPropertyConfig.js
406 silly gunzTarPerm extractEntry lib/invariant.js
407 silly gunzTarPerm extractEntry lib/FallbackCompositionState.js
408 silly gunzTarPerm extractEntry lib/isEventSupported.js
409 silly gunzTarPerm extractEntry lib/ExecutionEnvironment.js
410 silly gunzTarPerm extractEntry lib/isNode.js
411 silly gunzTarPerm extractEntry lib/EventPropagators.js
412 silly gunzTarPerm extractEntry lib/isTextInputElement.js
413 silly gunzTarPerm extractEntry lib/EventPluginUtils.js
414 silly gunzTarPerm extractEntry lib/isTextNode.js
415 silly gunzTarPerm extractEntry lib/EventPluginRegistry.js
416 silly gunzTarPerm extractEntry lib/joinClasses.js
417 silly gunzTarPerm extractEntry lib/EventPluginHub.js
418 silly gunzTarPerm extractEntry lib/keyMirror.js
419 silly gunzTarPerm extractEntry lib/EventListener.js
420 silly gunzTarPerm extractEntry lib/keyOf.js
421 silly gunzTarPerm extractEntry lib/EventConstants.js
422 silly gunzTarPerm extractEntry lib/mapObject.js
423 silly gunzTarPerm extractEntry lib/EnterLeaveEventPlugin.js
424 silly gunzTarPerm extractEntry lib/memoizeStringOnly.js
425 silly gunzTarPerm extractEntry lib/DefaultEventPluginOrder.js
426 silly gunzTarPerm extractEntry lib/onlyChild.js
427 silly gunzTarPerm extractEntry lib/Danger.js
428 silly gunzTarPerm extractEntry lib/performance.js
429 silly gunzTarPerm extractEntry lib/DOMPropertyOperations.js
430 silly gunzTarPerm extractEntry lib/performanceNow.js
431 silly gunzTarPerm extractEntry lib/DOMProperty.js
432 silly gunzTarPerm extractEntry lib/quoteAttributeValueForBrowser.js
433 silly gunzTarPerm extractEntry lib/DOMChildrenOperations.js
434 silly gunzTarPerm extractEntry lib/setInnerHTML.js
435 silly gunzTarPerm extractEntry lib/ClientReactRootIndex.js
436 silly gunzTarPerm extractEntry lib/setTextContent.js
437 silly gunzTarPerm extractEntry lib/ChangeEventPlugin.js
438 silly gunzTarPerm extractEntry lib/shallowEqual.js
439 silly gunzTarPerm extractEntry lib/CallbackQueue.js
440 silly gunzTarPerm extractEntry lib/shouldUpdateReactComponent.js
441 silly gunzTarPerm extractEntry lib/CSSPropertyOperations.js
442 silly gunzTarPerm extractEntry lib/toArray.js
443 silly gunzTarPerm extractEntry lib/CSSProperty.js
444 silly gunzTarPerm extractEntry lib/traverseAllChildren.js
445 silly gunzTarPerm extractEntry lib/CSSCore.js
446 silly gunzTarPerm extractEntry lib/update.js
447 silly gunzTarPerm extractEntry lib/BeforeInputEventPlugin.js
448 silly gunzTarPerm extractEntry lib/warning.js
449 silly gunzTarPerm extractEntry lib/ReactPutListenerQueue.js
450 silly lockFile 1e7eba01-t-soundplayer-node-modules-react tar:///Users/grantcollins/Dev/Web/Projects/trakfire/rails/tesseract-react/node_modules/react-soundplayer/node_modules/react
451 silly lockFile 1e7eba01-t-soundplayer-node-modules-react tar:///Users/grantcollins/Dev/Web/Projects/trakfire/rails/tesseract-react/node_modules/react-soundplayer/node_modules/react
452 silly lockFile 6ede598b-ins-npm-react-0-13-3-package-tgz tar:///Users/grantcollins/.npm/react/0.13.3/package.tgz
453 silly lockFile 6ede598b-ins-npm-react-0-13-3-package-tgz tar:///Users/grantcollins/.npm/react/0.13.3/package.tgz
454 info preinstall react@0.13.3
455 verbose readDependencies using package.json deps
456 verbose readDependencies using package.json deps
457 silly resolved []
458 verbose about to build /Users/grantcollins/Dev/Web/Projects/trakfire/rails/tesseract-react/node_modules/react-soundplayer/node_modules/react
459 info build /Users/grantcollins/Dev/Web/Projects/trakfire/rails/tesseract-react/node_modules/react-soundplayer/node_modules/react
460 verbose linkStuff [ false,
460 verbose linkStuff   false,
460 verbose linkStuff   false,
460 verbose linkStuff   '/Users/grantcollins/Dev/Web/Projects/trakfire/rails/tesseract-react/node_modules/react-soundplayer/node_modules' ]
461 info linkStuff react@0.13.3
462 verbose linkBins react@0.13.3
463 verbose linkMans react@0.13.3
464 verbose rebuildBundles react@0.13.3
465 info install react@0.13.3
466 info postinstall react@0.13.3
467 verbose about to build /Users/grantcollins/Dev/Web/Projects/trakfire/rails/tesseract-react/node_modules/react-soundplayer
468 info build /Users/grantcollins/Dev/Web/Projects/trakfire/rails/tesseract-react/node_modules/react-soundplayer
469 verbose linkStuff [ false,
469 verbose linkStuff   false,
469 verbose linkStuff   false,
469 verbose linkStuff   '/Users/grantcollins/Dev/Web/Projects/trakfire/rails/tesseract-react/node_modules' ]
470 info linkStuff react-soundplayer@0.2.2
471 verbose linkBins react-soundplayer@0.2.2
472 verbose linkMans react-soundplayer@0.2.2
473 verbose rebuildBundles react-soundplayer@0.2.2
474 verbose rebuildBundles [ 'object-assign', 'react', 'soundcloud-audio' ]
475 info install react-soundplayer@0.2.2
476 info postinstall react-soundplayer@0.2.2
477 error peerinvalid The package react does not satisfy its siblings' peerDependencies requirements!
477 error peerinvalid Peer react-bootstrap@0.27.0 wants react@>=0.14.0
478 error System Darwin 14.0.0
479 error command "node" "/usr/local/bin/npm" "install" "react-soundplayer" "--save"
480 error cwd /Users/grantcollins/Dev/Web/Projects/trakfire/rails/tesseract-react
481 error node -v v0.10.35
482 error npm -v 1.4.28
483 error code EPEERINVALID
484 verbose exit [ 1, true ]
